{"/Users/sarunyu/Documents/INT201/practice/question1/question1.js": {"path":"/Users/sarunyu/Documents/INT201/practice/question1/question1.js","statementMap":{"0":{"start":{"line":7,"column":12},"end":{"line":7,"column":59}},"1":{"start":{"line":12,"column":20},"end":{"line":12,"column":32}},"2":{"start":{"line":13,"column":4},"end":{"line":13,"column":18}},"3":{"start":{"line":18,"column":24},"end":{"line":18,"column":32}},"4":{"start":{"line":19,"column":4},"end":{"line":19,"column":22}},"5":{"start":{"line":24,"column":21},"end":{"line":24,"column":28}},"6":{"start":{"line":25,"column":4},"end":{"line":25,"column":19}},"7":{"start":{"line":28,"column":0},"end":{"line":32,"column":1}}},"fnMap":{"0":{"name":"myArrayReturn","decl":{"start":{"line":8,"column":9},"end":{"line":8,"column":22}},"loc":{"start":{"line":8,"column":26},"end":{"line":14,"column":1}},"line":8},"1":{"name":"myArrayLengthReturn","decl":{"start":{"line":15,"column":9},"end":{"line":15,"column":28}},"loc":{"start":{"line":15,"column":32},"end":{"line":20,"column":1}},"line":15},"2":{"name":"lastItemOfArray","decl":{"start":{"line":21,"column":9},"end":{"line":21,"column":24}},"loc":{"start":{"line":21,"column":28},"end":{"line":26,"column":1}},"line":21}},"branchMap":{},"s":{"0":1,"1":1,"2":1,"3":1,"4":1,"5":1,"6":1,"7":1},"f":{"0":1,"1":1,"2":1},"b":{},"_coverageSchema":"1a1c01bbd47fc00a2c39e90264f33305004495a9","hash":"383bf47fff3608849d8c5224b46c66628927c1d1"}
}
